<?xml version="1.0" encoding="UTF-8"?>
<!-- Generated by org.testng.reporters.JUnitXMLReporter -->
<testsuite hostname="DESKTOP-1E2DSJ9" ignored="0" name="Default test" tests="24" failures="0" timestamp="11 Dec 2019 13:36:55 GMT" time="42.287" errors="0">
  <testcase name="responseTimeReq1" time="8.857" classname="com.UExAPI.ResponseTime"/>
  <testcase name="responseTimeReq2" time="0.085" classname="com.UExAPI.ResponseTime"/>
  <testcase name="responseTimeReq3" time="2.231" classname="com.UExAPI.ResponseTime"/>
  <testcase name="responseTimeReq4" time="0.058" classname="com.UExAPI.ResponseTime"/>
  <testcase name="responseTimeReq5" time="0.031" classname="com.UExAPI.ResponseTime"/>
  <testcase name="responseTimeReq6" time="4.131" classname="com.UExAPI.ResponseTime"/>
  <testcase name="responseTimeReq7" time="0.033" classname="com.UExAPI.ResponseTime"/>
  <testcase name="responseTimeReq8" time="0.124" classname="com.UExAPI.ResponseTime"/>
  <testcase name="responseTimeReq9" time="0.101" classname="com.UExAPI.ResponseTime"/>
  <testcase name="responseTimeReq10" time="4.275" classname="com.UExAPI.ResponseTime"/>
  <testcase name="responseTimeReq11" time="0.048" classname="com.UExAPI.ResponseTime"/>
  <testcase name="responseTimeReq12" time="0.094" classname="com.UExAPI.ResponseTime"/>
  <testcase name="responseTimeReq13" time="0.094" classname="com.UExAPI.ResponseTime"/>
  <testcase name="responseTimeReq14" time="0.093" classname="com.UExAPI.ResponseTime"/>
  <testcase name="responseTimeReq15" time="0.094" classname="com.UExAPI.ResponseTime"/>
  <testcase name="responseTimeReq16" time="4.376" classname="com.UExAPI.ResponseTime"/>
  <testcase name="responseTimeReq17" time="0.346" classname="com.UExAPI.ResponseTime"/>
  <testcase name="responseTimeReq18" time="4.214" classname="com.UExAPI.ResponseTime"/>
  <testcase name="responseTimeReq19" time="0.033" classname="com.UExAPI.ResponseTime"/>
  <testcase name="responseTimeReq20" time="0.184" classname="com.UExAPI.ResponseTime"/>
  <testcase name="responseTimeReq21" time="4.231" classname="com.UExAPI.ResponseTime"/>
  <testcase name="responseTimeReq22" time="4.177" classname="com.UExAPI.ResponseTime"/>
  <testcase name="responseTimeReq23" time="0.033" classname="com.UExAPI.ResponseTime"/>
  <testcase name="responseTimeReq24" time="4.175" classname="com.UExAPI.ResponseTime"/>
</testsuite> <!-- Default test -->
